{"D:\\Cours\\Cours\\M1\\s2\\API Rest\\td\\src\\database.ts": {"path":"D:\\Cours\\Cours\\M1\\s2\\API Rest\\td\\src\\database.ts","statementMap":{"0":{"start":{"line":1,"column":0},"end":{"line":1,"column":38}},"1":{"start":{"line":3,"column":13},"end":{"line":7,"column":5}}},"fnMap":{},"branchMap":{},"s":{"0":2,"1":2},"f":{},"b":{}}
,"D:\\Cours\\Cours\\M1\\s2\\API Rest\\td\\src\\main.ts": {"path":"D:\\Cours\\Cours\\M1\\s2\\API Rest\\td\\src\\main.ts","statementMap":{"0":{"start":{"line":1,"column":0},"end":{"line":1,"column":30}},"1":{"start":{"line":2,"column":0},"end":{"line":2,"column":37}},"2":{"start":{"line":3,"column":0},"end":{"line":3,"column":37}},"3":{"start":{"line":5,"column":13},"end":{"line":5,"column":29}},"4":{"start":{"line":7,"column":0},"end":{"line":7,"column":27}},"5":{"start":{"line":9,"column":20},"end":{"line":25,"column":2}},"6":{"start":{"line":28,"column":2},"end":{"line":28,"column":39}},"7":{"start":{"line":31,"column":0},"end":{"line":33,"column":3}},"8":{"start":{"line":32,"column":2},"end":{"line":32,"column":38}},"9":{"start":{"line":35,"column":0},"end":{"line":38,"column":3}},"10":{"start":{"line":35,"column":40},"end":{"line":38,"column":2}},"11":{"start":{"line":37,"column":2},"end":{"line":37,"column":null}},"12":{"start":{"line":40,"column":0},"end":{"line":46,"column":3}},"13":{"start":{"line":40,"column":41},"end":{"line":46,"column":2}},"14":{"start":{"line":41,"column":2},"end":{"line":41,"column":33}},"15":{"start":{"line":42,"column":15},"end":{"line":42,"column":23}},"16":{"start":{"line":44,"column":2},"end":{"line":44,"column":null}},"17":{"start":{"line":45,"column":2},"end":{"line":45,"column":12}},"18":{"start":{"line":48,"column":13},"end":{"line":48,"column":17}},"19":{"start":{"line":51,"column":13},"end":{"line":53,"column":3}},"20":{"start":{"line":52,"column":2},"end":{"line":52,"column":75}}},"fnMap":{"0":{"name":"getMessage","decl":{"start":{"line":27,"column":9},"end":{"line":27,"column":19}},"loc":{"start":{"line":27,"column":19},"end":{"line":29,"column":1}}},"1":{"name":"(anonymous_9)","decl":{"start":{"line":31,"column":17},"end":{"line":31,"column":18}},"loc":{"start":{"line":31,"column":30},"end":{"line":33,"column":1}}},"2":{"name":"(anonymous_10)","decl":{"start":{"line":35,"column":21},"end":{"line":35,"column":28}},"loc":{"start":{"line":35,"column":40},"end":{"line":38,"column":2}}},"3":{"name":"(anonymous_11)","decl":{"start":{"line":35,"column":40},"end":{"line":35,"column":null}},"loc":{"start":{"line":35,"column":40},"end":{"line":38,"column":1}}},"4":{"name":"(anonymous_12)","decl":{"start":{"line":40,"column":22},"end":{"line":40,"column":29}},"loc":{"start":{"line":40,"column":41},"end":{"line":46,"column":2}}},"5":{"name":"(anonymous_13)","decl":{"start":{"line":40,"column":41},"end":{"line":40,"column":null}},"loc":{"start":{"line":40,"column":41},"end":{"line":46,"column":1}}},"6":{"name":"(anonymous_14)","decl":{"start":{"line":51,"column":39},"end":{"line":51,"column":42}},"loc":{"start":{"line":51,"column":44},"end":{"line":53,"column":1}}}},"branchMap":{},"s":{"0":1,"1":1,"2":1,"3":1,"4":1,"5":1,"6":1,"7":1,"8":1,"9":1,"10":0,"11":0,"12":1,"13":2,"14":2,"15":2,"16":2,"17":0,"18":1,"19":1,"20":1},"f":{"0":1,"1":1,"2":0,"3":0,"4":2,"5":2,"6":1},"b":{}}
,"D:\\Cours\\Cours\\M1\\s2\\API Rest\\td\\src\\models\\Card.ts": {"path":"D:\\Cours\\Cours\\M1\\s2\\API Rest\\td\\src\\models\\Card.ts","statementMap":{"0":{"start":{"line":1,"column":0},"end":{"line":1,"column":54}},"1":{"start":{"line":2,"column":0},"end":{"line":2,"column":39}},"2":{"start":{"line":4,"column":0},"end":{"line":4,"column":13}},"3":{"start":{"line":5,"column":0},"end":{"line":14,"column":null}}},"fnMap":{},"branchMap":{},"s":{"0":2,"1":2,"2":2,"3":2},"f":{},"b":{}}
}
