TN:
SF:src\database.ts
FNF:0
FNH:0
DA:1,2
DA:3,2
LF:2
LH:2
BRF:0
BRH:0
end_of_record
TN:
SF:src\main.ts
FN:27,getMessage
FN:31,(anonymous_9)
FN:35,(anonymous_10)
FN:35,(anonymous_11)
FN:40,(anonymous_12)
FN:40,(anonymous_13)
FN:51,(anonymous_14)
FNF:7
FNH:5
FNDA:1,getMessage
FNDA:1,(anonymous_9)
FNDA:0,(anonymous_10)
FNDA:0,(anonymous_11)
FNDA:2,(anonymous_12)
FNDA:2,(anonymous_13)
FNDA:1,(anonymous_14)
DA:1,1
DA:2,1
DA:3,1
DA:5,1
DA:7,1
DA:9,1
DA:28,1
DA:31,1
DA:32,1
DA:35,1
DA:37,0
DA:40,2
DA:41,2
DA:42,2
DA:44,2
DA:45,0
DA:48,1
DA:51,1
DA:52,1
LF:19
LH:17
BRF:0
BRH:0
end_of_record
TN:
SF:src\models\Card.ts
FNF:0
FNH:0
DA:1,2
DA:2,2
DA:4,2
DA:5,2
LF:4
LH:4
BRF:0
BRH:0
end_of_record
